<?xml version="1.0" encoding="UTF-8"?>
<testng-results ignored="0" total="1" passed="1" failed="0" skipped="0">
  <reporter-output>
  </reporter-output>
  <suite started-at="2026-01-07T16:02:56 IST" name="Suite" finished-at="2026-01-07T16:03:16 IST" duration-ms="20295">
    <groups>
    </groups>
    <test started-at="2026-01-07T16:02:56 IST" name="Test1" finished-at="2026-01-07T16:03:16 IST" duration-ms="20295">
      <class name="Tests.LoginTest">
        <test-method is-config="true" signature="Setup(java.lang.String)[pri:0, instance:Tests.LoginTest@12b0404f]" started-at="2026-01-07T16:02:56 IST" name="Setup" finished-at="2026-01-07T16:03:12 IST" duration-ms="16147" status="PASS">
          <params>
            <param index="0">
              <value>
                <![CDATA[chrome]]>
              </value>
            </param>
          </params>
          <reporter-output>
          </reporter-output>
        </test-method> <!-- Setup -->
        <test-method signature="lp()[pri:0, instance:Tests.LoginTest@12b0404f]" started-at="2026-01-07T16:03:12 IST" name="lp" finished-at="2026-01-07T16:03:15 IST" duration-ms="3717" status="PASS">
          <reporter-output>
          </reporter-output>
        </test-method> <!-- lp -->
        <test-method is-config="true" signature="tearDown()[pri:0, instance:Tests.LoginTest@12b0404f]" started-at="2026-01-07T16:03:16 IST" name="tearDown" finished-at="2026-01-07T16:03:16 IST" duration-ms="210" status="PASS">
          <reporter-output>
          </reporter-output>
        </test-method> <!-- tearDown -->
      </class> <!-- Tests.LoginTest -->
    </test> <!-- Test1 -->
  </suite> <!-- Suite -->
</testng-results>
