<?xml version="1.0" encoding="UTF-8"?>
<testng-results ignored="0" total="3" passed="3" failed="0" skipped="0">
  <reporter-output>
  </reporter-output>
  <suite started-at="2026-01-07T12:48:05 IST" name="Suite" finished-at="2026-01-07T12:48:28 IST" duration-ms="22338">
    <groups>
    </groups>
    <test started-at="2026-01-07T12:48:05 IST" name="Test1" finished-at="2026-01-07T12:48:17 IST" duration-ms="11776">
      <class name="Tests.LoginTest">
        <test-method is-config="true" signature="Setup(java.lang.String)[pri:0, instance:Tests.LoginTest@769e7ee8]" started-at="2026-01-07T12:48:05 IST" name="Setup" finished-at="2026-01-07T12:48:09 IST" duration-ms="3709" status="PASS">
          <params>
            <param index="0">
              <value>
                <![CDATA[chrome]]>
              </value>
            </param>
          </params>
          <reporter-output>
          </reporter-output>
        </test-method> <!-- Setup -->
        <test-method signature="lp()[pri:0, instance:Tests.LoginTest@769e7ee8]" started-at="2026-01-07T12:48:09 IST" name="lp" finished-at="2026-01-07T12:48:14 IST" duration-ms="5058" status="PASS">
          <reporter-output>
          </reporter-output>
        </test-method> <!-- lp -->
        <test-method is-config="true" signature="tearDown()[pri:0, instance:Tests.LoginTest@769e7ee8]" started-at="2026-01-07T12:48:17 IST" name="tearDown" finished-at="2026-01-07T12:48:17 IST" duration-ms="202" status="PASS">
          <reporter-output>
          </reporter-output>
        </test-method> <!-- tearDown -->
      </class> <!-- Tests.LoginTest -->
    </test> <!-- Test1 -->
    <test started-at="2026-01-07T12:48:05 IST" name="Test2" finished-at="2026-01-07T12:48:22 IST" duration-ms="16515">
      <class name="Tests.LoginTest">
        <test-method is-config="true" signature="Setup(java.lang.String)[pri:0, instance:Tests.LoginTest@e056f20]" started-at="2026-01-07T12:48:05 IST" name="Setup" finished-at="2026-01-07T12:48:17 IST" duration-ms="11276" status="PASS">
          <params>
            <param index="0">
              <value>
                <![CDATA[firefox]]>
              </value>
            </param>
          </params>
          <reporter-output>
          </reporter-output>
        </test-method> <!-- Setup -->
        <test-method signature="lp()[pri:0, instance:Tests.LoginTest@e056f20]" started-at="2026-01-07T12:48:17 IST" name="lp" finished-at="2026-01-07T12:48:20 IST" duration-ms="3328" status="PASS">
          <reporter-output>
          </reporter-output>
        </test-method> <!-- lp -->
        <test-method is-config="true" signature="tearDown()[pri:0, instance:Tests.LoginTest@e056f20]" started-at="2026-01-07T12:48:20 IST" name="tearDown" finished-at="2026-01-07T12:48:22 IST" duration-ms="1817" status="PASS">
          <reporter-output>
          </reporter-output>
        </test-method> <!-- tearDown -->
      </class> <!-- Tests.LoginTest -->
    </test> <!-- Test2 -->
    <test started-at="2026-01-07T12:48:17 IST" name="Test3" finished-at="2026-01-07T12:48:28 IST" duration-ms="10533">
      <class name="Tests.LoginTest">
        <test-method is-config="true" signature="Setup(java.lang.String)[pri:0, instance:Tests.LoginTest@19bb07ed]" started-at="2026-01-07T12:48:17 IST" name="Setup" finished-at="2026-01-07T12:48:23 IST" duration-ms="5657" status="PASS">
          <params>
            <param index="0">
              <value>
                <![CDATA[edge]]>
              </value>
            </param>
          </params>
          <reporter-output>
          </reporter-output>
        </test-method> <!-- Setup -->
        <test-method signature="lp()[pri:0, instance:Tests.LoginTest@19bb07ed]" started-at="2026-01-07T12:48:23 IST" name="lp" finished-at="2026-01-07T12:48:27 IST" duration-ms="4457" status="PASS">
          <reporter-output>
          </reporter-output>
        </test-method> <!-- lp -->
        <test-method is-config="true" signature="tearDown()[pri:0, instance:Tests.LoginTest@19bb07ed]" started-at="2026-01-07T12:48:27 IST" name="tearDown" finished-at="2026-01-07T12:48:28 IST" duration-ms="231" status="PASS">
          <reporter-output>
          </reporter-output>
        </test-method> <!-- tearDown -->
      </class> <!-- Tests.LoginTest -->
    </test> <!-- Test3 -->
  </suite> <!-- Suite -->
</testng-results>
