<?xml version="1.0" encoding="UTF-8"?>
<testng-results ignored="0" total="3" passed="3" failed="0" skipped="0">
  <reporter-output>
  </reporter-output>
  <suite started-at="2026-01-07T01:13:57 IST" name="Suite" finished-at="2026-01-07T01:14:28 IST" duration-ms="30741">
    <groups>
    </groups>
    <test started-at="2026-01-07T01:13:57 IST" name="Test1" finished-at="2026-01-07T01:14:08 IST" duration-ms="10135">
      <class name="Tests.LoginTest">
        <test-method is-config="true" signature="Setup(java.lang.String)[pri:0, instance:Tests.LoginTest@45752059]" started-at="2026-01-07T01:13:58 IST" name="Setup" finished-at="2026-01-07T01:14:01 IST" duration-ms="3343" status="PASS">
          <params>
            <param index="0">
              <value>
                <![CDATA[chrome]]>
              </value>
            </param>
          </params>
          <reporter-output>
          </reporter-output>
        </test-method> <!-- Setup -->
        <test-method signature="lp()[pri:0, instance:Tests.LoginTest@45752059]" started-at="2026-01-07T01:14:01 IST" name="lp" finished-at="2026-01-07T01:14:07 IST" duration-ms="6356" status="PASS">
          <reporter-output>
          </reporter-output>
        </test-method> <!-- lp -->
        <test-method is-config="true" signature="tearDown()[pri:0, instance:Tests.LoginTest@45752059]" started-at="2026-01-07T01:14:07 IST" name="tearDown" finished-at="2026-01-07T01:14:08 IST" duration-ms="202" status="PASS">
          <reporter-output>
          </reporter-output>
        </test-method> <!-- tearDown -->
      </class> <!-- Tests.LoginTest -->
    </test> <!-- Test1 -->
    <test started-at="2026-01-07T01:13:57 IST" name="Test2" finished-at="2026-01-07T01:14:14 IST" duration-ms="16251">
      <class name="Tests.LoginTest">
        <test-method is-config="true" signature="Setup(java.lang.String)[pri:0, instance:Tests.LoginTest@6200f9cb]" started-at="2026-01-07T01:13:58 IST" name="Setup" finished-at="2026-01-07T01:14:08 IST" duration-ms="10876" status="PASS">
          <params>
            <param index="0">
              <value>
                <![CDATA[firefox]]>
              </value>
            </param>
          </params>
          <reporter-output>
          </reporter-output>
        </test-method> <!-- Setup -->
        <test-method signature="lp()[pri:0, instance:Tests.LoginTest@6200f9cb]" started-at="2026-01-07T01:14:08 IST" name="lp" finished-at="2026-01-07T01:14:12 IST" duration-ms="3166" status="PASS">
          <reporter-output>
          </reporter-output>
        </test-method> <!-- lp -->
        <test-method is-config="true" signature="tearDown()[pri:0, instance:Tests.LoginTest@6200f9cb]" started-at="2026-01-07T01:14:12 IST" name="tearDown" finished-at="2026-01-07T01:14:14 IST" duration-ms="2055" status="PASS">
          <reporter-output>
          </reporter-output>
        </test-method> <!-- tearDown -->
      </class> <!-- Tests.LoginTest -->
    </test> <!-- Test2 -->
    <test started-at="2026-01-07T01:14:08 IST" name="Test3" finished-at="2026-01-07T01:14:28 IST" duration-ms="20543">
      <class name="Tests.LoginTest">
        <test-method is-config="true" signature="Setup(java.lang.String)[pri:0, instance:Tests.LoginTest@69453e37]" started-at="2026-01-07T01:14:08 IST" name="Setup" finished-at="2026-01-07T01:14:13 IST" duration-ms="5061" status="PASS">
          <params>
            <param index="0">
              <value>
                <![CDATA[edge]]>
              </value>
            </param>
          </params>
          <reporter-output>
          </reporter-output>
        </test-method> <!-- Setup -->
        <test-method signature="lp()[pri:0, instance:Tests.LoginTest@69453e37]" started-at="2026-01-07T01:14:13 IST" name="lp" finished-at="2026-01-07T01:14:28 IST" duration-ms="15076" status="PASS">
          <reporter-output>
          </reporter-output>
        </test-method> <!-- lp -->
        <test-method is-config="true" signature="tearDown()[pri:0, instance:Tests.LoginTest@69453e37]" started-at="2026-01-07T01:14:28 IST" name="tearDown" finished-at="2026-01-07T01:14:28 IST" duration-ms="221" status="PASS">
          <reporter-output>
          </reporter-output>
        </test-method> <!-- tearDown -->
      </class> <!-- Tests.LoginTest -->
    </test> <!-- Test3 -->
  </suite> <!-- Suite -->
</testng-results>
